*** Installation started 2015/08/07 16:28 ***
Source: F:\pyserial-2.7.win32_py3k.exe
999 Root Key: HKEY_LOCAL_MACHINE
020 Reg DB Key: [Software\Microsoft\Windows\CurrentVersion\Uninstall]pyserial-py2.7
040 Reg DB Value: [Software\Microsoft\Windows\CurrentVersion\Uninstall\pyserial-py2.7]DisplayName=Python 2.7 pyserial-2.7
040 Reg DB Value: [Software\Microsoft\Windows\CurrentVersion\Uninstall\pyserial-py2.7]UninstallString="C:\Python27\Removepyserial.exe" -u "C:\Python27\pyserial-wininst.log"
200 File Copy: C:\Python27\Lib\site-packages\pyserial-2.7-py3.3.egg-info
100 Made Dir: C:\Python27\Lib\site-packages\serial
200 File Copy: C:\Python27\Lib\site-packages\serial\rfc2217.py
200 File Copy: C:\Python27\Lib\site-packages\serial\serialcli.py
200 File Copy: C:\Python27\Lib\site-packages\serial\serialjava.py
200 File Copy: C:\Python27\Lib\site-packages\serial\serialposix.py
200 File Copy: C:\Python27\Lib\site-packages\serial\serialutil.py
200 File Copy: C:\Python27\Lib\site-packages\serial\serialwin32.py
200 File Copy: C:\Python27\Lib\site-packages\serial\sermsdos.py
200 File Copy: C:\Python27\Lib\site-packages\serial\win32.py
200 File Copy: C:\Python27\Lib\site-packages\serial\__init__.py
100 Made Dir: C:\Python27\Lib\site-packages\serial\tools
200 File Copy: C:\Python27\Lib\site-packages\serial\tools\list_ports.py
200 File Copy: C:\Python27\Lib\site-packages\serial\tools\list_ports_linux.py
200 File Copy: C:\Python27\Lib\site-packages\serial\tools\list_ports_osx.py
200 File Copy: C:\Python27\Lib\site-packages\serial\tools\list_ports_posix.py
200 File Copy: C:\Python27\Lib\site-packages\serial\tools\list_ports_windows.py
200 File Copy: C:\Python27\Lib\site-packages\serial\tools\miniterm.py
200 File Copy: C:\Python27\Lib\site-packages\serial\tools\__init__.py
100 Made Dir: C:\Python27\Lib\site-packages\serial\urlhandler
200 File Copy: C:\Python27\Lib\site-packages\serial\urlhandler\protocol_hwgrep.py
200 File Copy: C:\Python27\Lib\site-packages\serial\urlhandler\protocol_loop.py
200 File Copy: C:\Python27\Lib\site-packages\serial\urlhandler\protocol_rfc2217.py
200 File Copy: C:\Python27\Lib\site-packages\serial\urlhandler\protocol_socket.py
200 File Copy: C:\Python27\Lib\site-packages\serial\urlhandler\__init__.py
200 File Copy: C:\Python27\Scripts\miniterm.py
200 File Copy: C:\Python27\Scripts\miniterm.pyc
200 File Copy: C:\Python27\Lib\site-packages\serial\urlhandler\__init__.pyc
200 File Copy: C:\Python27\Lib\site-packages\serial\urlhandler\protocol_socket.pyc
200 File Copy: C:\Python27\Lib\site-packages\serial\urlhandler\protocol_rfc2217.pyc
200 File Copy: C:\Python27\Lib\site-packages\serial\urlhandler\protocol_loop.pyc
200 File Copy: C:\Python27\Lib\site-packages\serial\urlhandler\protocol_hwgrep.pyc
200 File Copy: C:\Python27\Lib\site-packages\serial\tools\__init__.pyc
200 File Copy: C:\Python27\Lib\site-packages\serial\tools\miniterm.pyc
200 File Copy: C:\Python27\Lib\site-packages\serial\tools\list_ports_windows.pyc
200 File Copy: C:\Python27\Lib\site-packages\serial\tools\list_ports_posix.pyc
200 File Copy: C:\Python27\Lib\site-packages\serial\tools\list_ports_osx.pyc
200 File Copy: C:\Python27\Lib\site-packages\serial\tools\list_ports_linux.pyc
200 File Copy: C:\Python27\Lib\site-packages\serial\tools\list_ports.pyc
200 File Copy: C:\Python27\Lib\site-packages\serial\__init__.pyc
200 File Copy: C:\Python27\Lib\site-packages\serial\win32.pyc
200 File Copy: C:\Python27\Lib\site-packages\serial\sermsdos.pyc
200 File Copy: C:\Python27\Lib\site-packages\serial\serialwin32.pyc
200 File Copy: C:\Python27\Lib\site-packages\serial\serialutil.pyc
200 File Copy: C:\Python27\Lib\site-packages\serial\serialposix.pyc
200 File Copy: C:\Python27\Lib\site-packages\serial\serialjava.pyc
200 File Copy: C:\Python27\Lib\site-packages\serial\serialcli.pyc
200 File Copy: C:\Python27\Lib\site-packages\serial\rfc2217.pyc
200 File Copy: C:\Python27\Scripts\miniterm.pyo
200 File Copy: C:\Python27\Lib\site-packages\serial\urlhandler\__init__.pyo
200 File Copy: C:\Python27\Lib\site-packages\serial\urlhandler\protocol_socket.pyo
200 File Copy: C:\Python27\Lib\site-packages\serial\urlhandler\protocol_rfc2217.pyo
200 File Copy: C:\Python27\Lib\site-packages\serial\urlhandler\protocol_loop.pyo
200 File Copy: C:\Python27\Lib\site-packages\serial\urlhandler\protocol_hwgrep.pyo
200 File Copy: C:\Python27\Lib\site-packages\serial\tools\__init__.pyo
200 File Copy: C:\Python27\Lib\site-packages\serial\tools\miniterm.pyo
200 File Copy: C:\Python27\Lib\site-packages\serial\tools\list_ports_windows.pyo
200 File Copy: C:\Python27\Lib\site-packages\serial\tools\list_ports_posix.pyo
200 File Copy: C:\Python27\Lib\site-packages\serial\tools\list_ports_osx.pyo
200 File Copy: C:\Python27\Lib\site-packages\serial\tools\list_ports_linux.pyo
200 File Copy: C:\Python27\Lib\site-packages\serial\tools\list_ports.pyo
200 File Copy: C:\Python27\Lib\site-packages\serial\__init__.pyo
200 File Copy: C:\Python27\Lib\site-packages\serial\win32.pyo
200 File Copy: C:\Python27\Lib\site-packages\serial\sermsdos.pyo
200 File Copy: C:\Python27\Lib\site-packages\serial\serialwin32.pyo
200 File Copy: C:\Python27\Lib\site-packages\serial\serialutil.pyo
200 File Copy: C:\Python27\Lib\site-packages\serial\serialposix.pyo
200 File Copy: C:\Python27\Lib\site-packages\serial\serialjava.pyo
200 File Copy: C:\Python27\Lib\site-packages\serial\serialcli.pyo
200 File Copy: C:\Python27\Lib\site-packages\serial\rfc2217.pyo
*** Installation started 2015/08/15 11:35 ***
Source: D:\SI_Project11-8-8-15\pyserial-2.7.win32_py3k.exe
999 Root Key: HKEY_LOCAL_MACHINE
040 Reg DB Value: [Software\Microsoft\Windows\CurrentVersion\Uninstall\pyserial-py2.7]DisplayName=Python 2.7 pyserial-2.7
040 Reg DB Value: [Software\Microsoft\Windows\CurrentVersion\Uninstall\pyserial-py2.7]UninstallString="C:\Python27\Removepyserial.exe" -u "C:\Python27\pyserial-wininst.log"
200 File Copy: C:\Python27\Lib\site-packages\pyserial-2.7-py3.3.egg-info
200 File Copy: C:\Python27\Lib\site-packages\serial\rfc2217.py
200 File Copy: C:\Python27\Lib\site-packages\serial\serialcli.py
200 File Copy: C:\Python27\Lib\site-packages\serial\serialjava.py
200 File Copy: C:\Python27\Lib\site-packages\serial\serialposix.py
200 File Copy: C:\Python27\Lib\site-packages\serial\serialutil.py
200 File Copy: C:\Python27\Lib\site-packages\serial\serialwin32.py
200 File Copy: C:\Python27\Lib\site-packages\serial\sermsdos.py
200 File Copy: C:\Python27\Lib\site-packages\serial\win32.py
200 File Copy: C:\Python27\Lib\site-packages\serial\__init__.py
200 File Copy: C:\Python27\Lib\site-packages\serial\tools\list_ports.py
200 File Copy: C:\Python27\Lib\site-packages\serial\tools\list_ports_linux.py
200 File Copy: C:\Python27\Lib\site-packages\serial\tools\list_ports_osx.py
200 File Copy: C:\Python27\Lib\site-packages\serial\tools\list_ports_posix.py
200 File Copy: C:\Python27\Lib\site-packages\serial\tools\list_ports_windows.py
200 File Copy: C:\Python27\Lib\site-packages\serial\tools\miniterm.py
200 File Copy: C:\Python27\Lib\site-packages\serial\tools\__init__.py
200 File Copy: C:\Python27\Lib\site-packages\serial\urlhandler\protocol_hwgrep.py
200 File Copy: C:\Python27\Lib\site-packages\serial\urlhandler\protocol_loop.py
200 File Copy: C:\Python27\Lib\site-packages\serial\urlhandler\protocol_rfc2217.py
200 File Copy: C:\Python27\Lib\site-packages\serial\urlhandler\protocol_socket.py
200 File Copy: C:\Python27\Lib\site-packages\serial\urlhandler\__init__.py
200 File Copy: C:\Python27\Scripts\miniterm.py
200 File Copy: C:\Python27\Scripts\miniterm.pyc
200 File Copy: C:\Python27\Lib\site-packages\serial\urlhandler\__init__.pyc
200 File Copy: C:\Python27\Lib\site-packages\serial\urlhandler\protocol_socket.pyc
200 File Copy: C:\Python27\Lib\site-packages\serial\urlhandler\protocol_rfc2217.pyc
200 File Copy: C:\Python27\Lib\site-packages\serial\urlhandler\protocol_loop.pyc
200 File Copy: C:\Python27\Lib\site-packages\serial\urlhandler\protocol_hwgrep.pyc
200 File Copy: C:\Python27\Lib\site-packages\serial\tools\__init__.pyc
200 File Copy: C:\Python27\Lib\site-packages\serial\tools\miniterm.pyc
200 File Copy: C:\Python27\Lib\site-packages\serial\tools\list_ports_windows.pyc
200 File Copy: C:\Python27\Lib\site-packages\serial\tools\list_ports_posix.pyc
200 File Copy: C:\Python27\Lib\site-packages\serial\tools\list_ports_osx.pyc
200 File Copy: C:\Python27\Lib\site-packages\serial\tools\list_ports_linux.pyc
200 File Copy: C:\Python27\Lib\site-packages\serial\tools\list_ports.pyc
200 File Copy: C:\Python27\Lib\site-packages\serial\__init__.pyc
200 File Copy: C:\Python27\Lib\site-packages\serial\win32.pyc
200 File Copy: C:\Python27\Lib\site-packages\serial\sermsdos.pyc
200 File Copy: C:\Python27\Lib\site-packages\serial\serialwin32.pyc
200 File Copy: C:\Python27\Lib\site-packages\serial\serialutil.pyc
200 File Copy: C:\Python27\Lib\site-packages\serial\serialposix.pyc
200 File Copy: C:\Python27\Lib\site-packages\serial\serialjava.pyc
200 File Copy: C:\Python27\Lib\site-packages\serial\serialcli.pyc
200 File Copy: C:\Python27\Lib\site-packages\serial\rfc2217.pyc
200 File Copy: C:\Python27\Scripts\miniterm.pyo
200 File Copy: C:\Python27\Lib\site-packages\serial\urlhandler\__init__.pyo
200 File Copy: C:\Python27\Lib\site-packages\serial\urlhandler\protocol_socket.pyo
200 File Copy: C:\Python27\Lib\site-packages\serial\urlhandler\protocol_rfc2217.pyo
200 File Copy: C:\Python27\Lib\site-packages\serial\urlhandler\protocol_loop.pyo
200 File Copy: C:\Python27\Lib\site-packages\serial\urlhandler\protocol_hwgrep.pyo
200 File Copy: C:\Python27\Lib\site-packages\serial\tools\__init__.pyo
200 File Copy: C:\Python27\Lib\site-packages\serial\tools\miniterm.pyo
200 File Copy: C:\Python27\Lib\site-packages\serial\tools\list_ports_windows.pyo
200 File Copy: C:\Python27\Lib\site-packages\serial\tools\list_ports_posix.pyo
200 File Copy: C:\Python27\Lib\site-packages\serial\tools\list_ports_osx.pyo
200 File Copy: C:\Python27\Lib\site-packages\serial\tools\list_ports_linux.pyo
200 File Copy: C:\Python27\Lib\site-packages\serial\tools\list_ports.pyo
200 File Copy: C:\Python27\Lib\site-packages\serial\__init__.pyo
200 File Copy: C:\Python27\Lib\site-packages\serial\win32.pyo
200 File Copy: C:\Python27\Lib\site-packages\serial\sermsdos.pyo
200 File Copy: C:\Python27\Lib\site-packages\serial\serialwin32.pyo
200 File Copy: C:\Python27\Lib\site-packages\serial\serialutil.pyo
200 File Copy: C:\Python27\Lib\site-packages\serial\serialposix.pyo
200 File Copy: C:\Python27\Lib\site-packages\serial\serialjava.pyo
200 File Copy: C:\Python27\Lib\site-packages\serial\serialcli.pyo
200 File Copy: C:\Python27\Lib\site-packages\serial\rfc2217.pyo
